0 info it worked if it ends with ok
1 verbose cli [ '/usr/local/bin/node',
1 verbose cli   '/usr/local/bin/npm',
1 verbose cli   'install',
1 verbose cli   '-g',
1 verbose cli   'nodemon' ]
2 info using npm@2.14.12
3 info using node@v4.2.6
4 verbose install initial load of /usr/local/lib/package.json
5 verbose readDependencies loading dependencies from /usr/local/lib/package.json
6 silly cache add args [ 'nodemon', null ]
7 verbose cache add spec nodemon
8 silly cache add parsed spec Result {
8 silly cache add   raw: 'nodemon',
8 silly cache add   scope: null,
8 silly cache add   name: 'nodemon',
8 silly cache add   rawSpec: '',
8 silly cache add   spec: 'latest',
8 silly cache add   type: 'tag' }
9 silly addNamed nodemon@latest
10 verbose addNamed "latest" is being treated as a dist-tag for nodemon
11 info addNameTag [ 'nodemon', 'latest' ]
12 silly mapToRegistry name nodemon
13 silly mapToRegistry using default registry
14 silly mapToRegistry registry https://registry.npmjs.org/
15 silly mapToRegistry uri https://registry.npmjs.org/nodemon
16 verbose addNameTag registry:https://registry.npmjs.org/nodemon not in flight; fetching
17 verbose request uri https://registry.npmjs.org/nodemon
18 verbose request no auth needed
19 info attempt registry request try #1 at 11:38:07 AM
20 verbose request id b29ae4581aa81121
21 http request GET https://registry.npmjs.org/nodemon
22 http 200 https://registry.npmjs.org/nodemon
23 verbose headers { server: 'CouchDB/1.5.0 (Erlang OTP/R16B03)',
23 verbose headers   etag: '"DUURWE851DV475SNRQ94YS1O0"',
23 verbose headers   'content-type': 'application/json',
23 verbose headers   'cache-control': 'max-age=300',
23 verbose headers   'content-length': '184301',
23 verbose headers   'accept-ranges': 'bytes',
23 verbose headers   date: 'Thu, 25 Feb 2016 16:38:07 GMT',
23 verbose headers   via: '1.1 varnish',
23 verbose headers   age: '232',
23 verbose headers   connection: 'keep-alive',
23 verbose headers   'x-served-by': 'cache-atl6220-ATL',
23 verbose headers   'x-cache': 'HIT',
23 verbose headers   'x-cache-hits': '1',
23 verbose headers   'x-timer': 'S1456418287.735406,VS0,VE0',
23 verbose headers   vary: 'Accept' }
24 silly get cb [ 200,
24 silly get   { server: 'CouchDB/1.5.0 (Erlang OTP/R16B03)',
24 silly get     etag: '"DUURWE851DV475SNRQ94YS1O0"',
24 silly get     'content-type': 'application/json',
24 silly get     'cache-control': 'max-age=300',
24 silly get     'content-length': '184301',
24 silly get     'accept-ranges': 'bytes',
24 silly get     date: 'Thu, 25 Feb 2016 16:38:07 GMT',
24 silly get     via: '1.1 varnish',
24 silly get     age: '232',
24 silly get     connection: 'keep-alive',
24 silly get     'x-served-by': 'cache-atl6220-ATL',
24 silly get     'x-cache': 'HIT',
24 silly get     'x-cache-hits': '1',
24 silly get     'x-timer': 'S1456418287.735406,VS0,VE0',
24 silly get     vary: 'Accept' } ]
25 verbose get saving nodemon to /Users/spal/.npm/registry.npmjs.org/nodemon/.cache.json
26 silly addNameTag next cb for nodemon with tag latest
27 silly addNamed nodemon@1.9.0
28 verbose addNamed "1.9.0" is a plain semver version for nodemon
29 silly mapToRegistry name nodemon
30 silly mapToRegistry using default registry
31 silly mapToRegistry registry https://registry.npmjs.org/
32 silly mapToRegistry uri https://registry.npmjs.org/nodemon
33 verbose addRemoteTarball https://registry.npmjs.org/nodemon/-/nodemon-1.9.0.tgz not in flight; adding
34 verbose addRemoteTarball [ 'https://registry.npmjs.org/nodemon/-/nodemon-1.9.0.tgz',
34 verbose addRemoteTarball   'af62de1765b3c868a29f7504f31eed913a5957b9' ]
35 info retry fetch attempt 1 at 11:38:07 AM
36 info attempt registry request try #1 at 11:38:07 AM
37 http fetch GET https://registry.npmjs.org/nodemon/-/nodemon-1.9.0.tgz
38 http fetch 200 https://registry.npmjs.org/nodemon/-/nodemon-1.9.0.tgz
39 silly fetchAndShaCheck shasum af62de1765b3c868a29f7504f31eed913a5957b9
40 verbose addTmpTarball /var/folders/xc/30pqlzq15tz4b253lv_08xhw0000gn/T/npm-411-3d38a6e9/registry.npmjs.org/nodemon/-/nodemon-1.9.0.tgz not in flight; adding
41 verbose addTmpTarball already have metadata; skipping unpack for nodemon@1.9.0
42 silly cache afterAdd nodemon@1.9.0
43 verbose afterAdd /Users/spal/.npm/nodemon/1.9.0/package/package.json not in flight; writing
44 verbose afterAdd /Users/spal/.npm/nodemon/1.9.0/package/package.json written
45 silly install resolved [ { name: 'nodemon',
45 silly install resolved     homepage: 'http://nodemon.io',
45 silly install resolved     author: { name: 'Remy Sharp', url: 'http://github.com/remy' },
45 silly install resolved     bin: { nodemon: './bin/nodemon.js' },
45 silly install resolved     engines: { node: '>=0.8' },
45 silly install resolved     repository: { type: 'git', url: 'git+https://github.com/remy/nodemon.git' },
45 silly install resolved     description: 'Simple monitor script for use during development of a node.js app.',
45 silly install resolved     keywords:
45 silly install resolved      [ 'monitor',
45 silly install resolved        'development',
45 silly install resolved        'restart',
45 silly install resolved        'autoload',
45 silly install resolved        'reload',
45 silly install resolved        'terminal' ],
45 silly install resolved     preferGlobal: 'true',
45 silly install resolved     license: 'MIT',
45 silly install resolved     main: './lib/nodemon',
45 silly install resolved     scripts:
45 silly install resolved      { coverage: 'istanbul cover _mocha -- --timeout 30000 --ui bdd --reporter list test/**/*.test.js',
45 silly install resolved        lint: 'jscs lib/**/*.js -v',
45 silly install resolved        ':spec': 'mocha --timeout 30000 --ui bdd test/**/*.test.js',
45 silly install resolved        test: 'npm run lint && npm run spec',
45 silly install resolved        spec: 'for FILE in test/**/*.test.js; do echo $FILE; ./node_modules/.bin/mocha --timeout 30000 $FILE; if [ $? -ne 0 ]; then exit 1; fi; sleep 1; done',
45 silly install resolved        web: 'node web',
45 silly install resolved        'semantic-release': 'semantic-release pre && npm publish && semantic-release post' },
45 silly install resolved     devDependencies:
45 silly install resolved      { async: '1.4.2',
45 silly install resolved        'coffee-script': '~1.7.1',
45 silly install resolved        connect: '~2.19.1',
45 silly install resolved        istanbul: '~0.2.10',
45 silly install resolved        jscs: '2.1.1',
45 silly install resolved        mocha: '2.3.3',
45 silly install resolved        should: '~4.0.0',
45 silly install resolved        'semantic-release': '4.3.5' },
45 silly install resolved     dependencies:
45 silly install resolved      { chokidar: '^1.2.0',
45 silly install resolved        debug: '^2.2.0',
45 silly install resolved        'es6-promise': '^3.0.2',
45 silly install resolved        'lodash.defaults': '^3.1.2',
45 silly install resolved        minimatch: '^3.0.0',
45 silly install resolved        'ps-tree': '^1.0.1',
45 silly install resolved        touch: '1.0.0',
45 silly install resolved        undefsafe: '0.0.3',
45 silly install resolved        'update-notifier': '0.5.0' },
45 silly install resolved     version: '1.9.0',
45 silly install resolved     gitHead: 'ec80818cac89adb4318a0d727f42a7c721a256fd',
45 silly install resolved     bugs: { url: 'https://github.com/remy/nodemon/issues' },
45 silly install resolved     _id: 'nodemon@1.9.0',
45 silly install resolved     _shasum: 'af62de1765b3c868a29f7504f31eed913a5957b9',
45 silly install resolved     _from: 'nodemon@latest',
45 silly install resolved     _npmVersion: '2.14.20',
45 silly install resolved     _nodeVersion: '4.3.1',
45 silly install resolved     _npmUser: { name: 'remy', email: 'remy@leftlogic.com' },
45 silly install resolved     dist:
45 silly install resolved      { shasum: 'af62de1765b3c868a29f7504f31eed913a5957b9',
45 silly install resolved        tarball: 'http://registry.npmjs.org/nodemon/-/nodemon-1.9.0.tgz' },
45 silly install resolved     maintainers: [ [Object] ],
45 silly install resolved     _npmOperationalInternal:
45 silly install resolved      { host: 'packages-9-west.internal.npmjs.com',
45 silly install resolved        tmp: 'tmp/nodemon-1.9.0.tgz_1455875216934_0.48950417479500175' },
45 silly install resolved     directories: {},
45 silly install resolved     _resolved: 'https://registry.npmjs.org/nodemon/-/nodemon-1.9.0.tgz' } ]
46 info install nodemon@1.9.0 into /usr/local/lib
47 info installOne nodemon@1.9.0
48 verbose installOne of nodemon to /usr/local/lib not in flight; installing
49 verbose lock using /Users/spal/.npm/_locks/nodemon-49f7ed19e778991e.lock for /usr/local/lib/node_modules/nodemon
50 silly install write writing nodemon 1.9.0 to /usr/local/lib/node_modules/nodemon
51 verbose unbuild lib/node_modules/nodemon
52 silly gentlyRm /usr/local/lib/node_modules/nodemon is being purged from base /usr/local
53 verbose gentlyRm don't care about contents; nuking /usr/local/lib/node_modules/nodemon
54 verbose tar unpack /Users/spal/.npm/nodemon/1.9.0/package.tgz
55 verbose tar unpacking to /usr/local/lib/node_modules/nodemon
56 silly gentlyRm /usr/local/lib/node_modules/nodemon is being purged
57 verbose gentlyRm don't care about contents; nuking /usr/local/lib/node_modules/nodemon
58 silly gunzTarPerm modes [ '755', '644' ]
59 error tar.unpack untar error /Users/spal/.npm/nodemon/1.9.0/package.tgz
60 verbose unlock done using /Users/spal/.npm/_locks/nodemon-49f7ed19e778991e.lock for /usr/local/lib/node_modules/nodemon
61 verbose fstream_path /usr/local/lib/node_modules/nodemon
62 verbose fstream_type Directory
63 verbose fstream_class DirWriter
64 verbose stack Error: EACCES: permission denied, mkdir '/usr/local/lib/node_modules/nodemon'
64 verbose stack     at Error (native)
65 verbose fstream_stack /usr/local/lib/node_modules/npm/node_modules/fstream/lib/dir-writer.js:35:25
65 verbose fstream_stack /usr/local/lib/node_modules/npm/node_modules/mkdirp/index.js:47:53
65 verbose fstream_stack FSReqWrap.oncomplete (fs.js:82:15)
66 verbose cwd /Users/spal/cs380/Assignment3
67 error Darwin 15.3.0
68 error argv "/usr/local/bin/node" "/usr/local/bin/npm" "install" "-g" "nodemon"
69 error node v4.2.6
70 error npm  v2.14.12
71 error path /usr/local/lib/node_modules/nodemon
72 error code EACCES
73 error errno -13
74 error syscall mkdir
75 error Error: EACCES: permission denied, mkdir '/usr/local/lib/node_modules/nodemon'
75 error     at Error (native)
75 error  { [Error: EACCES: permission denied, mkdir '/usr/local/lib/node_modules/nodemon']
75 error   errno: -13,
75 error   code: 'EACCES',
75 error   syscall: 'mkdir',
75 error   path: '/usr/local/lib/node_modules/nodemon',
75 error   fstream_type: 'Directory',
75 error   fstream_path: '/usr/local/lib/node_modules/nodemon',
75 error   fstream_class: 'DirWriter',
75 error   fstream_stack:
75 error    [ '/usr/local/lib/node_modules/npm/node_modules/fstream/lib/dir-writer.js:35:25',
75 error      '/usr/local/lib/node_modules/npm/node_modules/mkdirp/index.js:47:53',
75 error      'FSReqWrap.oncomplete (fs.js:82:15)' ] }
76 error Please try running this command again as root/Administrator.
77 verbose exit [ -13, true ]
78 verbose unbuild lib/node_modules/nodemon
79 silly gentlyRm /usr/local/lib/node_modules/nodemon is being purged from base /usr/local
80 verbose gentlyRm don't care about contents; nuking /usr/local/lib/node_modules/nodemon
